SF:lib/src/ad_instance_manager.dart
DA:32,3
DA:39,1
DA:40,1
DA:42,2
DA:44,2
DA:45,0
DA:47,0
DA:48,0
DA:50,0
DA:52,0
DA:54,0
DA:65,0
DA:66,0
DA:67,0
DA:69,0
DA:73,0
DA:75,0
DA:76,0
DA:78,0
DA:79,0
DA:81,0
DA:82,0
DA:84,0
DA:85,0
DA:87,0
DA:88,0
DA:89,0
DA:91,0
DA:92,0
DA:93,0
DA:95,0
DA:96,0
DA:97,0
DA:98,0
DA:100,0
DA:103,0
DA:104,0
DA:106,0
DA:107,0
DA:108,0
DA:109,0
DA:111,0
DA:112,0
DA:114,0
DA:115,0
DA:117,0
DA:118,0
DA:119,0
DA:121,0
DA:122,0
DA:124,0
DA:125,0
DA:127,0
DA:128,0
DA:131,0
DA:134,0
DA:135,0
DA:137,0
DA:138,0
DA:140,0
DA:141,0
DA:144,0
DA:148,0
DA:151,0
DA:152,0
DA:154,0
DA:155,0
DA:157,0
DA:158,0
DA:160,0
DA:161,0
DA:163,0
DA:164,0
DA:166,0
DA:167,0
DA:169,0
DA:170,0
DA:172,0
DA:173,0
DA:175,0
DA:176,0
DA:178,0
DA:179,0
DA:181,0
DA:182,0
DA:184,0
DA:185,0
DA:187,0
DA:188,0
DA:191,0
DA:195,0
DA:196,0
DA:198,0
DA:199,0
DA:202,0
DA:204,0
DA:205,0
DA:206,0
DA:207,0
DA:208,0
DA:209,0
DA:210,0
DA:211,0
DA:212,0
DA:213,0
DA:214,0
DA:216,0
DA:220,0
DA:222,0
DA:223,0
DA:224,0
DA:225,0
DA:226,0
DA:227,0
DA:228,0
DA:229,0
DA:230,0
DA:231,0
DA:232,0
DA:233,0
DA:234,0
DA:236,0
DA:240,0
DA:242,0
DA:243,0
DA:244,0
DA:245,0
DA:246,0
DA:248,0
DA:252,0
DA:254,0
DA:255,0
DA:257,0
DA:258,0
DA:261,0
DA:262,0
DA:263,0
DA:265,0
DA:269,0
DA:270,0
DA:271,0
DA:273,0
DA:277,0
DA:278,0
DA:279,0
DA:280,0
DA:281,0
DA:282,0
DA:283,0
DA:284,0
DA:285,0
DA:287,0
DA:291,0
DA:292,0
DA:293,0
DA:294,0
DA:295,0
DA:296,0
DA:297,0
DA:298,0
DA:299,0
DA:301,0
DA:305,0
DA:307,0
DA:308,0
DA:309,0
DA:310,0
DA:311,0
DA:312,0
DA:313,0
DA:314,0
DA:315,0
DA:316,0
DA:317,0
DA:318,0
DA:320,0
DA:324,0
DA:325,0
DA:326,0
DA:327,0
DA:328,0
DA:329,0
DA:330,0
DA:331,0
DA:332,0
DA:333,0
DA:334,0
DA:336,0
DA:340,0
DA:342,0
DA:344,0
DA:347,0
DA:350,0
DA:353,0
DA:356,0
DA:360,0
DA:364,0
DA:365,0
DA:367,0
DA:369,0
DA:371,0
DA:372,0
DA:374,0
DA:376,0
DA:379,0
DA:383,1
DA:384,4
DA:389,0
DA:390,0
DA:392,0
DA:393,0
DA:399,0
DA:402,0
DA:407,0
DA:410,0
DA:413,0
DA:418,0
DA:419,0
DA:420,0
DA:423,0
DA:424,0
DA:425,0
DA:427,0
DA:429,0
DA:430,0
DA:431,0
DA:436,0
DA:437,0
DA:438,0
DA:441,0
DA:442,0
DA:443,0
DA:445,0
DA:447,0
DA:448,0
DA:456,0
DA:457,0
DA:458,0
DA:461,0
DA:462,0
DA:463,0
DA:465,0
DA:467,0
DA:468,0
DA:469,0
DA:470,0
DA:471,0
DA:472,0
DA:480,0
DA:481,0
DA:482,0
DA:485,0
DA:486,0
DA:487,0
DA:489,0
DA:491,0
DA:492,0
DA:493,0
DA:494,0
DA:500,0
DA:501,0
DA:502,0
DA:505,0
DA:506,0
DA:507,0
DA:509,0
DA:511,0
DA:512,0
DA:513,0
DA:514,0
DA:522,0
DA:523,0
DA:524,0
DA:527,0
DA:528,0
DA:529,0
DA:531,0
DA:533,0
DA:534,0
DA:535,0
DA:543,0
DA:544,0
DA:545,0
DA:548,0
DA:549,0
DA:550,0
DA:552,0
DA:554,0
DA:555,0
DA:556,0
DA:564,0
DA:565,0
DA:566,0
DA:569,0
DA:570,0
DA:571,0
DA:573,0
DA:575,0
DA:576,0
DA:585,0
DA:586,0
DA:587,0
DA:589,0
DA:591,0
DA:593,0
DA:600,0
DA:602,0
DA:603,0
DA:606,0
DA:608,0
DA:609,0
DA:615,1
DA:616,4
DA:621,0
DA:623,0
DA:625,0
DA:626,0
DA:628,0
DA:629,0
DA:630,0
DA:636,1
DA:637,2
DA:639,1
DA:646,1
DA:647,2
DA:649,1
DA:656,1
DA:657,2
DA:659,1
DA:666,0
DA:668,0
DA:669,0
DA:672,0
DA:674,0
DA:675,0
DA:682,1
DA:683,2
DA:687,1
DA:688,1
DA:689,1
DA:693,1
DA:694,3
DA:695,1
DA:723,1
DA:725,1
DA:726,0
DA:727,1
DA:728,0
DA:729,0
DA:730,0
DA:731,0
DA:732,0
DA:733,0
DA:734,0
DA:735,0
DA:736,0
DA:738,0
DA:739,0
DA:740,1
DA:741,0
DA:742,0
DA:743,0
DA:744,0
DA:745,0
DA:746,0
DA:747,0
DA:749,0
DA:750,1
DA:751,0
DA:752,0
DA:753,0
DA:754,1
DA:755,0
DA:756,0
DA:757,0
DA:758,0
DA:759,1
DA:760,0
DA:761,0
DA:762,0
DA:763,0
DA:764,0
DA:765,0
DA:766,1
DA:767,0
DA:768,0
DA:769,0
DA:770,0
DA:771,0
DA:772,1
DA:773,0
DA:774,0
DA:775,0
DA:776,0
DA:777,1
DA:778,1
DA:779,2
DA:780,1
DA:781,1
DA:782,2
DA:783,2
DA:784,2
DA:785,1
DA:786,1
DA:787,2
DA:788,1
DA:789,0
DA:790,0
DA:791,0
DA:792,1
DA:793,1
DA:794,3
DA:795,3
DA:796,2
DA:797,2
DA:798,2
DA:799,2
DA:800,1
DA:801,1
DA:802,2
DA:803,2
DA:804,2
DA:805,1
DA:806,1
DA:807,2
DA:808,2
DA:809,2
DA:810,2
DA:811,1
DA:812,0
DA:813,0
DA:814,0
DA:815,0
DA:816,0
DA:817,0
DA:820,1
DA:824,1
DA:827,1
DA:828,0
DA:829,0
DA:830,0
DA:832,0
DA:833,0
DA:834,0
DA:836,0
DA:837,0
DA:839,0
DA:840,0
DA:843,1
DA:845,0
DA:846,0
DA:849,0
DA:850,0
DA:851,0
DA:854,0
DA:856,0
DA:857,0
DA:859,1
DA:861,0
DA:862,0
DA:863,0
DA:864,0
DA:865,0
DA:868,1
DA:869,0
DA:870,0
DA:871,0
DA:872,0
DA:873,0
DA:875,1
DA:876,0
DA:877,1
DA:878,0
DA:879,0
DA:880,0
DA:881,0
DA:883,0
DA:884,0
DA:885,0
DA:887,0
DA:889,1
DA:890,0
DA:891,0
DA:892,0
DA:894,1
DA:895,0
DA:896,0
DA:897,0
DA:898,0
DA:899,0
DA:901,1
DA:902,0
DA:903,0
DA:904,0
DA:905,0
DA:906,0
DA:907,0
DA:908,1
DA:909,0
DA:910,0
DA:911,0
DA:912,0
DA:913,0
DA:915,1
DA:916,0
DA:917,0
DA:918,0
DA:919,0
DA:920,1
DA:921,0
DA:922,0
DA:923,0
DA:924,0
DA:925,0
DA:926,0
DA:927,0
DA:929,0
DA:931,0
DA:932,0
DA:933,0
DA:935,0
DA:936,0
DA:938,1
DA:939,2
DA:940,1
DA:942,1
DA:945,0
DA:946,1
DA:948,2
DA:949,2
DA:951,3
DA:954,2
DA:955,1
DA:958,1
DA:959,1
DA:960,1
DA:961,2
DA:962,1
DA:964,1
DA:965,0
DA:966,0
DA:967,0
DA:968,1
DA:969,2
DA:970,2
DA:971,1
DA:972,1
DA:973,1
DA:974,2
DA:975,2
DA:977,2
DA:979,2
DA:981,1
DA:982,1
DA:983,2
DA:984,2
DA:985,2
DA:987,1
DA:988,1
DA:989,2
DA:991,2
DA:992,2
DA:994,3
DA:996,1
DA:997,0
DA:998,0
DA:999,0
DA:1000,0
DA:1001,0
DA:1002,0
DA:1006,1
DA:1010,0
DA:1012,0
DA:1013,0
DA:1015,0
DA:1020,0
DA:1021,0
DA:1022,0
DA:1023,0
DA:1024,0
DA:1025,0
DA:1026,0
DA:1027,0
DA:1029,0
DA:1030,0
DA:1032,0
DA:1033,0
DA:1034,0
DA:1035,0
DA:1036,0
DA:1037,0
DA:1039,0
DA:1040,0
DA:1042,0
DA:1043,0
DA:1044,0
DA:1052,1
DA:1054,1
DA:1056,1
DA:1058,1
DA:1060,0
DA:1062,0
DA:1068,1
DA:1070,1
DA:1072,1
DA:1074,1
DA:1076,1
DA:1078,1
DA:1089,1
DA:1091,1
DA:1093,1
DA:1095,1
DA:1097,1
DA:1103,1
DA:1105,1
DA:1107,1
DA:1109,1
DA:1111,1
DA:1120,1
DA:1121,2
DA:1124,1
DA:1129,0
DA:1131,0
DA:1132,0
DA:1134,0
DA:1136,0
DA:1137,0
DA:1138,0
DA:1139,0
DA:1142,0
DA:1144,0
DA:1145,0
DA:1148,0
DA:1149,0
DA:1151,0
DA:1154,0
DA:1155,0
DA:1156,0
LF:638
LH:143
end_of_record
SF:lib/src/ad_containers.dart
DA:31,0
DA:53,0
DA:55,0
DA:66,0
DA:82,0
DA:84,0
DA:85,0
DA:86,0
DA:93,0
DA:119,0
DA:121,0
DA:122,0
DA:123,0
DA:124,0
DA:125,0
DA:132,0
DA:134,0
DA:139,0
DA:141,0
DA:142,0
DA:149,0
DA:170,0
DA:172,0
DA:173,0
DA:174,0
DA:175,0
DA:176,0
DA:186,0
DA:222,0
DA:224,0
DA:225,0
DA:226,0
DA:227,0
DA:228,0
DA:229,0
DA:230,0
DA:237,0
DA:247,0
DA:269,0
DA:271,0
DA:272,0
DA:273,0
DA:274,0
DA:275,0
DA:276,0
DA:291,0
DA:295,0
DA:305,0
DA:314,1
DA:333,0
DA:337,0
DA:346,0
DA:348,0
DA:361,1
DA:397,1
DA:401,4
DA:403,1
DA:404,1
DA:410,0
DA:413,0
DA:424,1
DA:425,4
DA:427,1
DA:433,0
DA:436,0
DA:450,0
DA:452,0
DA:465,0
DA:466,0
DA:480,0
DA:481,0
DA:494,0
DA:496,0
DA:500,0
DA:502,0
DA:504,0
DA:508,0
DA:510,0
DA:514,0
DA:516,0
DA:520,0
DA:522,0
DA:525,0
DA:527,0
DA:536,0
DA:544,0
DA:545,0
DA:559,0
DA:560,0
DA:574,0
DA:585,0
DA:586,0
DA:587,0
DA:589,0
DA:606,0
DA:611,0
DA:612,0
DA:619,0
DA:621,0
DA:622,0
DA:624,0
DA:625,0
DA:627,0
DA:629,0
DA:633,0
DA:635,0
DA:636,0
DA:638,0
DA:642,0
DA:644,0
DA:645,0
DA:646,0
DA:647,0
DA:650,0
DA:654,0
DA:655,0
DA:656,0
DA:658,0
DA:662,0
DA:663,0
DA:664,0
DA:666,0
DA:667,0
DA:673,0
DA:674,0
DA:675,0
DA:676,0
DA:678,0
DA:679,0
DA:681,0
DA:682,0
DA:687,0
DA:688,0
DA:689,0
DA:690,0
DA:700,0
DA:701,0
DA:709,0
DA:710,0
DA:718,0
DA:720,0
DA:721,0
DA:723,0
DA:724,0
DA:726,0
DA:728,0
DA:732,0
DA:734,0
DA:735,0
DA:737,0
DA:741,0
DA:743,0
DA:744,0
DA:745,0
DA:746,0
DA:749,0
DA:753,0
DA:754,0
DA:755,0
DA:757,0
DA:762,0
DA:763,0
DA:764,0
DA:770,0
DA:771,0
DA:772,0
DA:774,0
DA:775,0
DA:781,0
DA:782,0
DA:783,0
DA:784,0
DA:786,0
DA:787,0
DA:789,0
DA:790,0
DA:793,0
DA:795,0
DA:796,0
DA:797,0
DA:798,0
DA:800,0
DA:803,0
DA:804,0
DA:805,0
DA:820,0
DA:825,0
DA:848,0
DA:853,0
DA:854,0
DA:862,0
DA:863,0
DA:877,0
DA:882,0
DA:883,0
DA:893,0
DA:894,0
DA:906,0
DA:911,0
DA:912,0
DA:930,0
DA:931,0
DA:939,0
DA:940,0
DA:971,0
DA:979,0
DA:980,0
DA:988,0
DA:996,0
DA:997,0
DA:1027,0
DA:1032,0
DA:1033,0
DA:1043,0
DA:1047,0
DA:1059,0
DA:1064,0
DA:1069,0
DA:1072,0
DA:1079,0
DA:1080,0
DA:1090,0
DA:1094,0
DA:1109,0
DA:1115,0
DA:1118,0
DA:1125,0
DA:1126,0
DA:1138,0
DA:1144,0
DA:1149,0
DA:1155,0
DA:1173,0
DA:1187,0
DA:1193,0
DA:1199,0
DA:1203,0
DA:1209,0
DA:1215,0
DA:1223,0
DA:1224,0
DA:1225,0
DA:1235,0
DA:1257,0
DA:1259,0
DA:1261,0
DA:1262,0
DA:1263,0
DA:1284,0
DA:1290,0
DA:1292,0
DA:1298,0
DA:1319,0
DA:1325,0
DA:1331,0
DA:1335,0
DA:1341,0
DA:1347,0
DA:1354,0
DA:1355,0
DA:1360,1
DA:1378,1
DA:1425,1
DA:1434,0
DA:1436,0
DA:1437,0
DA:1438,0
DA:1439,0
DA:1440,0
DA:1441,0
DA:1442,0
DA:1465,1
DA:1471,0
DA:1473,0
DA:1474,0
DA:1475,0
DA:1476,0
LF:277
LH:13
end_of_record
SF:lib/src/ad_listeners.dart
DA:44,1
DA:67,0
DA:120,0
DA:128,0
DA:156,0
DA:165,0
DA:195,0
DA:204,0
DA:223,0
DA:250,0
DA:265,0
DA:268,0
DA:274,0
DA:277,0
DA:284,0
DA:287,0
DA:294,0
DA:297,0
LF:18
LH:1
end_of_record
SF:lib/src/mobile_ads.dart
DA:22,2
DA:36,1
DA:38,4
DA:41,2
DA:50,1
DA:51,2
DA:58,1
DA:59,2
DA:63,0
DA:65,0
DA:74,1
DA:75,2
DA:76,2
DA:78,0
DA:86,1
DA:87,2
DA:96,1
DA:97,2
DA:104,1
DA:105,2
DA:106,2
DA:108,0
DA:116,1
DA:117,2
DA:121,1
DA:122,2
DA:127,1
DA:128,3
DA:137,1
DA:138,1
DA:151,1
LF:31
LH:27
end_of_record
SF:lib/src/request_configuration.dart
DA:33,1
DA:79,0
DA:103,0
LF:3
LH:1
end_of_record
